<?xml version="1.0" encoding="UTF-8"?>
<!-- Generated by org.testng.reporters.JUnitReportReporter -->
<testsuite hostname="DESKTOP-OJOQL60" failures="0" tests="4" name="Hassantuk_Registration_TestCases.TC_NewRegistration_Passport" time="145.042" errors="0" timestamp="2020-08-19T13:32:18 GST" skipped="0">
  <testcase classname="Hassantuk_Registration_TestCases.TC_NewRegistration_Passport" name="NewRegistration_Passport_Page1" time="37.530"/>
  <system-out/>
  <testcase classname="Hassantuk_Registration_TestCases.TC_NewRegistration_Passport" name="NewRegistration_Passport_Page4" time="52.290"/>
  <system-out/>
  <testcase classname="Hassantuk_Registration_TestCases.TC_NewRegistration_Passport" name="NewRegistration_Passport_Page2" time="23.997"/>
  <system-out/>
  <testcase classname="Hassantuk_Registration_TestCases.TC_NewRegistration_Passport" name="NewRegistration_Passport_Page3" time="31.225"/>
  <system-out/>
</testsuite> <!-- Hassantuk_Registration_TestCases.TC_NewRegistration_Passport -->
